<?xml version="1.0" encoding="UTF-8"?>
<testng-results ignored="0" total="2" passed="2" failed="0" skipped="0">
  <reporter-output>
    <line>
      <![CDATA[Launching browser]]>
    </line>
    <line>
      <![CDATA[verify username]]>
    </line>
    <line>
      <![CDATA[verify password]]>
    </line>
    <line>
      <![CDATA[verify button]]>
    </line>
    <line>
      <![CDATA[verify signout]]>
    </line>
    <line>
      <![CDATA[Launching browser]]>
    </line>
  </reporter-output>
  <suite started-at="2021-04-13T19:54:55 IST" name="Suite" finished-at="2021-04-13T19:56:42 IST" duration-ms="107004">
    <groups>
    </groups>
    <test started-at="2021-04-13T19:54:55 IST" name="logintest" finished-at="2021-04-13T19:56:28 IST" duration-ms="92880">
      <class name="com.App.TestCases.AppLoginTestCase">
        <test-method is-config="true" signature="launchbrowser()[pri:0, instance:com.App.TestCases.AppLoginTestCase@77eca502]" started-at="2021-04-13T19:54:55 IST" name="launchbrowser" finished-at="2021-04-13T19:56:16 IST" duration-ms="80778" status="PASS">
          <reporter-output>
            <line>
              <![CDATA[Launching browser]]>
            </line>
          </reporter-output>
        </test-method> <!-- launchbrowser -->
        <test-method signature="verifyvalidlogin()[pri:1, instance:com.App.TestCases.AppLoginTestCase@77eca502]" started-at="2021-04-13T19:56:16 IST" name="verifyvalidlogin" description="valid login test" finished-at="2021-04-13T19:56:27 IST" duration-ms="11579" status="PASS">
          <reporter-output>
            <line>
              <![CDATA[verify username]]>
            </line>
            <line>
              <![CDATA[verify password]]>
            </line>
            <line>
              <![CDATA[verify button]]>
            </line>
            <line>
              <![CDATA[verify signout]]>
            </line>
          </reporter-output>
        </test-method> <!-- verifyvalidlogin -->
        <test-method is-config="true" signature="closebrowser()[pri:0, instance:com.App.TestCases.AppLoginTestCase@77eca502]" started-at="2021-04-13T19:56:27 IST" name="closebrowser" finished-at="2021-04-13T19:56:28 IST" duration-ms="389" status="PASS">
          <reporter-output>
          </reporter-output>
        </test-method> <!-- closebrowser -->
      </class> <!-- com.App.TestCases.AppLoginTestCase -->
    </test> <!-- logintest -->
    <test started-at="2021-04-13T19:56:28 IST" name="weblinkstest" finished-at="2021-04-13T19:56:42 IST" duration-ms="14098">
      <class name="com.App.TestCases.verifyWebLinks">
        <test-method is-config="true" signature="launchbrowser()[pri:0, instance:com.App.TestCases.verifyWebLinks@49912c99]" started-at="2021-04-13T19:56:28 IST" name="launchbrowser" finished-at="2021-04-13T19:56:41 IST" duration-ms="13395" status="PASS">
          <reporter-output>
            <line>
              <![CDATA[Launching browser]]>
            </line>
          </reporter-output>
        </test-method> <!-- launchbrowser -->
        <test-method signature="verifyweblinks()[pri:0, instance:com.App.TestCases.verifyWebLinks@49912c99]" started-at="2021-04-13T19:56:41 IST" name="verifyweblinks" finished-at="2021-04-13T19:56:42 IST" duration-ms="700" status="PASS">
          <reporter-output>
          </reporter-output>
        </test-method> <!-- verifyweblinks -->
      </class> <!-- com.App.TestCases.verifyWebLinks -->
      <class name="com.App.TestCases.AppLoginTestCase">
        <test-method is-config="true" signature="setupsuite()[pri:0, instance:com.App.TestCases.AppLoginTestCase@77eca502]" started-at="2021-04-13T19:54:55 IST" name="setupsuite" finished-at="2021-04-13T19:54:55 IST" duration-ms="219" status="PASS">
          <reporter-output>
          </reporter-output>
        </test-method> <!-- setupsuite -->
      </class> <!-- com.App.TestCases.AppLoginTestCase -->
    </test> <!-- weblinkstest -->
  </suite> <!-- Suite -->
</testng-results>
